<?xml version="1.0" encoding="utf-8" standalone="no"?>
<!--This file represents the results of running a test suite-->
<test-results name="C:\Documents and Settings\Administrator\桌面\SimpleRuleEngine\RuleEngine\UnitTests\bin\Debug\UnitTests.dll" total="1" errors="0" failures="1" not-run="0" inconclusive="0" ignored="0" skipped="0" invalid="0" date="2010-04-12" time="17:59:31">
  <environment nunit-version="2.5.3.9345" clr-version="2.0.50727.3053" os-version="Microsoft Windows NT 5.1.2600 Service Pack 3" platform="Win32NT" cwd="C:\Documents and Settings\Administrator\桌面\SimpleRuleEngine\RuleEngine\UnitTests\bin\Debug" machine-name="HM" user="Administrator" user-domain="HM" />
  <culture-info current-culture="zh-CN" current-uiculture="zh-CN" />
  <test-suite name="C:\Documents and Settings\Administrator\桌面\SimpleRuleEngine\RuleEngine\UnitTests\bin\Debug\UnitTests.dll" executed="True" success="False" time="145.094" asserts="0">
    <results>
      <test-suite name="UnitTests" executed="True" success="False" time="145.078" asserts="0">
        <results>
          <test-suite name="Compiler" executed="True" success="False" time="145.078" asserts="0">
            <results>
              <test-suite name="Compiler" executed="True" success="False" time="145.031" asserts="0">
                <results>
                  <test-case name="UnitTests.Compiler.Compiler.TestHarness" executed="True" success="False" time="145.016" asserts="1">
                    <failure>
                      <message><![CDATA[  Expected string length 1 but was 2. Strings differ at index 1.
  Expected: "1"
  But was:  "16"
  ------------^
]]></message>
                      <stack-trace><![CDATA[at UnitTests.Compiler.Compiler.TestHarness() in C:\Documents and Settings\Administrator\桌面\SimpleRuleEngine\RuleEngine\UnitTests\Compiler\Compiler.cs:line 114
]]></stack-trace>
                    </failure>
                  </test-case>
                </results>
              </test-suite>
            </results>
          </test-suite>
        </results>
      </test-suite>
    </results>
  </test-suite>
</test-results>