<?xml version="1.0" encoding="utf-8" standalone="no"?>
<!--This file represents the results of running a test suite-->
<test-results name="C:\Documents and Settings\Administrator\桌面\SimpleRuleEngine\RuleEngine\UnitTests\bin\Release\UnitTests.dll" total="1" errors="1" failures="0" not-run="0" inconclusive="0" ignored="0" skipped="0" invalid="0" date="2010-04-12" time="17:56:53">
  <environment nunit-version="2.5.3.9345" clr-version="2.0.50727.3053" os-version="Microsoft Windows NT 5.1.2600 Service Pack 3" platform="Win32NT" cwd="C:\Documents and Settings\Administrator\桌面\SimpleRuleEngine\RuleEngine\UnitTests\bin\Debug" machine-name="HM" user="Administrator" user-domain="HM" />
  <culture-info current-culture="zh-CN" current-uiculture="zh-CN" />
  <test-suite name="C:\Documents and Settings\Administrator\桌面\SimpleRuleEngine\RuleEngine\UnitTests\bin\Release\UnitTests.dll" executed="True" success="False" time="3.391" asserts="0">
    <results>
      <test-suite name="UnitTests" executed="True" success="Fal